-------------------------------------------------------------------------------
Test set: br.com.alura.forum.ForumApplicationTests
-------------------------------------------------------------------------------
Tests run: 1, Failures: 0, Errors: 1, Skipped: 0, Time elapsed: 0.637 s <<< FAILURE! - in br.com.alura.forum.ForumApplicationTests
initializationError(br.com.alura.forum.ForumApplicationTests)  Time elapsed: 0.007 s  <<< ERROR!
java.lang.IllegalStateException: Unable to find a @SpringBootConfiguration, you need to use @ContextConfiguration or @SpringBootTest(classes=...) with your test

