<?xml version="1.0" encoding="UTF-8"?>
<testsuite xmlns:xsi="http://www.w3.org/2001/XMLSchema-instance" xsi:noNamespaceSchemaLocation="https://maven.apache.org/surefire/maven-surefire-plugin/xsd/surefire-test-report.xsd" name="br.com.alura.forum.ForumApplicationTests" time="0.637" tests="1" errors="1" skipped="0" failures="0">
  <properties>
[...]
</properties>
  <testcase name="initializationError" classname="br.com.alura.forum.ForumApplicationTests" time="0.007">
    <error message="Unable to find a @SpringBootConfiguration, you need to use @ContextConfiguration or @SpringBootTest(classes=...) with your test" type="java.lang.IllegalStateException">java.lang.IllegalStateException: Unable to find a @SpringBootConfiguration, you need to use @ContextConfiguration or @SpringBootTest(classes=...) with your test
</error>
    <system-out><![CDATA[15:26:41.882 [main] DEBUG org.springframework.test.context.junit4.SpringJUnit4ClassRunner - SpringJUnit4ClassRunner constructor called with [class br.com.alura.forum.ForumApplicationTests]
15:26:41.892 [main] DEBUG org.springframework.test.context.BootstrapUtils - Instantiating CacheAwareContextLoaderDelegate from class [org.springframework.test.context.cache.DefaultCacheAwareContextLoaderDelegate]
15:26:41.908 [main] DEBUG org.springframework.test.context.BootstrapUtils - Instantiating BootstrapContext using constructor [public org.springframework.test.context.support.DefaultBootstrapContext(java.lang.Class,org.springframework.test.context.CacheAwareContextLoaderDelegate)]
15:26:41.958 [main] DEBUG org.springframework.test.context.BootstrapUtils - Instantiating TestContextBootstrapper for test class [br.com.alura.forum.ForumApplicationTests] from class [org.springframework.boot.test.context.SpringBootTestContextBootstrapper]
15:26:41.986 [main] INFO org.springframework.boot.test.context.SpringBootTestContextBootstrapper - Neither @ContextConfiguration nor @ContextHierarchy found for test class [br.com.alura.forum.ForumApplicationTests], using SpringBootContextLoader
15:26:41.991 [main] DEBUG org.springframework.test.context.support.AbstractContextLoader - Did not detect default resource location for test class [br.com.alura.forum.ForumApplicationTests]: class path resource [br/com/alura/forum/ForumApplicationTests-context.xml] does not exist
15:26:41.993 [main] DEBUG org.springframework.test.context.support.AbstractContextLoader - Did not detect default resource location for test class [br.com.alura.forum.ForumApplicationTests]: class path resource [br/com/alura/forum/ForumApplicationTestsContext.groovy] does not exist
15:26:41.994 [main] INFO org.springframework.test.context.support.AbstractContextLoader - Could not detect default resource locations for test class [br.com.alura.forum.ForumApplicationTests]: no resource found for suffixes {-context.xml, Context.groovy}.
15:26:41.995 [main] INFO org.springframework.test.context.support.AnnotationConfigContextLoaderUtils - Could not detect default configuration classes for test class [br.com.alura.forum.ForumApplicationTests]: ForumApplicationTests does not declare any static, non-private, non-final, nested classes annotated with @Configuration.
15:26:42.095 [main] DEBUG org.springframework.test.context.support.ActiveProfilesUtils - Could not find an 'annotation declaring class' for annotation type [org.springframework.test.context.ActiveProfiles] and class [br.com.alura.forum.ForumApplicationTests]
]]></system-out>
  </testcase>
</testsuite>